# JRE version: OpenJDK Runtime Environment (17.0.6) (build 17.0.6+0-b2043.56-10027231)
# Java VM: OpenJDK 64-Bit Server VM (17.0.6+0-b2043.56-10027231, mixed mode, tiered, compressed oops, compressed class ptrs, g1 gc, windows-amd64)
GC Precious Log:
 CPUs: 8 total, 8 available
 Memory: 6005M
 Large Page Support: Disabled
 NUMA Support: Disabled
 Compressed Oops: Enabled (32-bit)
 Heap Region Size: 1M
 Heap Min Capacity: 8M
 Heap Initial Capacity: 94M
 Heap Max Capacity: 2G
 Pre-touch: Disabled
 Parallel Workers: 8
 Concurrent Workers: 2
 Concurrent Refinement Workers: 8
 Periodic GC: Disabled
Heap:
 garbage-first heap   total 68608K, used 45319K [0x0000000080000000, 0x0000000100000000)
  region size 1024K, 19 young (19456K), 4 survivors (4096K)
 Metaspace       used 41412K, committed 41728K, reserved 1089536K
  class space    used 5478K, committed 5568K, reserved 1048576K
GC Heap History (16 events):
Event: 3.641 GC heap before
{Heap before GC invocations=0 (full 0):
 garbage-first heap   total 96256K, used 26624K [0x0000000080000000, 0x0000000100000000)
  region size 1024K, 23 young (23552K), 0 survivors (0K)
 Metaspace       used 10287K, committed 10496K, reserved 1064960K
  class space    used 1061K, committed 1152K, reserved 1048576K
}
Event: 3.648 GC heap after
{Heap after GC invocations=1 (full 0):
 garbage-first heap   total 96256K, used 10096K [0x0000000080000000, 0x0000000100000000)
  region size 1024K, 3 young (3072K), 3 survivors (3072K)
 Metaspace       used 10287K, committed 10496K, reserved 1064960K
  class space    used 1061K, committed 1152K, reserved 1048576K
}
Event: 5.062 GC heap before
{Heap before GC invocations=1 (full 0):
 garbage-first heap   total 96256K, used 39792K [0x0000000080000000, 0x0000000100000000)
  region size 1024K, 31 young (31744K), 3 survivors (3072K)
 Metaspace       used 11224K, committed 11456K, reserved 1064960K
  class space    used 1165K, committed 1280K, reserved 1048576K
}
Event: 5.068 GC heap after
{Heap after GC invocations=2 (full 0):
 garbage-first heap   total 96256K, used 14029K [0x0000000080000000, 0x0000000100000000)
  region size 1024K, 4 young (4096K), 4 survivors (4096K)
 Metaspace       used 11224K, committed 11456K, reserved 1064960K
  class space    used 1165K, committed 1280K, reserved 1048576K
}
Event: 7.847 GC heap before
{Heap before GC invocations=2 (full 0):
 garbage-first heap   total 96256K, used 50893K [0x0000000080000000, 0x0000000100000000)
  region size 1024K, 41 young (41984K), 4 survivors (4096K)
 Metaspace       used 21200K, committed 21504K, reserved 1073152K
  class space    used 2571K, committed 2688K, reserved 1048576K
}
Event: 7.862 GC heap after
{Heap after GC invocations=3 (full 0):
 garbage-first heap   total 96256K, used 18622K [0x0000000080000000, 0x0000000100000000)
  region size 1024K, 5 young (5120K), 5 survivors (5120K)
 Metaspace       used 21200K, committed 21504K, reserved 1073152K
  class space    used 2571K, committed 2688K, reserved 1048576K
}
Event: 10.701 GC heap before
{Heap before GC invocations=4 (full 0):
 garbage-first heap   total 68608K, used 53438K [0x0000000080000000, 0x0000000100000000)
  region size 1024K, 40 young (40960K), 5 survivors (5120K)
 Metaspace       used 26848K, committed 27200K, reserved 1073152K
  class space    used 3552K, committed 3712K, reserved 1048576K
}
Event: 10.708 GC heap after
{Heap after GC invocations=5 (full 0):
 garbage-first heap   total 68608K, used 20934K [0x0000000080000000, 0x0000000100000000)
  region size 1024K, 3 young (3072K), 3 survivors (3072K)
 Metaspace       used 26848K, committed 27200K, reserved 1073152K
  class space    used 3552K, committed 3712K, reserved 1048576K
}
Event: 10.766 GC heap before
{Heap before GC invocations=5 (full 0):
 garbage-first heap   total 68608K, used 21958K [0x0000000080000000, 0x0000000100000000)
  region size 1024K, 4 young (4096K), 3 survivors (3072K)
 Metaspace       used 26876K, committed 27200K, reserved 1073152K
  class space    used 3552K, committed 3712K, reserved 1048576K
}
Event: 10.771 GC heap after
{Heap after GC invocations=6 (full 0):
 garbage-first heap   total 68608K, used 21026K [0x0000000080000000, 0x0000000100000000)
  region size 1024K, 1 young (1024K), 1 survivors (1024K)
 Metaspace       used 26876K, committed 27200K, reserved 1073152K
  class space    used 3552K, committed 3712K, reserved 1048576K
}
Event: 11.901 GC heap before
{Heap before GC invocations=6 (full 0):
 garbage-first heap   total 68608K, used 46626K [0x0000000080000000, 0x0000000100000000)
  region size 1024K, 26 young (26624K), 1 survivors (1024K)
 Metaspace       used 30873K, committed 31232K, reserved 1081344K
  class space    used 4202K, committed 4352K, reserved 1048576K
}
Event: 11.903 GC heap after
{Heap after GC invocations=7 (full 0):
 garbage-first heap   total 68608K, used 22078K [0x0000000080000000, 0x0000000100000000)
  region size 1024K, 2 young (2048K), 2 survivors (2048K)
 Metaspace       used 30873K, committed 31232K, reserved 1081344K
  class space    used 4202K, committed 4352K, reserved 1048576K
}
Event: 12.997 GC heap before
{Heap before GC invocations=7 (full 0):
 garbage-first heap   total 68608K, used 47678K [0x0000000080000000, 0x0000000100000000)
  region size 1024K, 28 young (28672K), 2 survivors (2048K)
 Metaspace       used 35651K, committed 35968K, reserved 1081344K
  class space    used 4877K, committed 5056K, reserved 1048576K
}
Event: 13.000 GC heap after
{Heap after GC invocations=8 (full 0):
 garbage-first heap   total 68608K, used 24384K [0x0000000080000000, 0x0000000100000000)
  region size 1024K, 4 young (4096K), 4 survivors (4096K)
 Metaspace       used 35651K, committed 35968K, reserved 1081344K
  class space    used 4877K, committed 5056K, reserved 1048576K
}
Event: 13.766 GC heap before
{Heap before GC invocations=9 (full 0):
 garbage-first heap   total 68608K, used 48960K [0x0000000080000000, 0x0000000100000000)
  region size 1024K, 29 young (29696K), 4 survivors (4096K)
 Metaspace       used 40478K, committed 40768K, reserved 1089536K
  class space    used 5365K, committed 5504K, reserved 1048576K
}
Event: 13.771 GC heap after
{Heap after GC invocations=10 (full 0):
 garbage-first heap   total 68608K, used 27911K [0x0000000080000000, 0x0000000100000000)
  region size 1024K, 4 young (4096K), 4 survivors (4096K)
 Metaspace       used 40478K, committed 40768K, reserved 1089536K
  class space    used 5365K, committed 5504K, reserved 1048576K
}

