# JRE version: OpenJDK Runtime Environment (17.0.6) (build 17.0.6+0-b2043.56-10027231)
# Java VM: OpenJDK 64-Bit Server VM (17.0.6+0-b2043.56-10027231, mixed mode, tiered, compressed oops, compressed class ptrs, g1 gc, windows-amd64)
GC Precious Log:
 CPUs: 8 total, 8 available
 Memory: 6005M
 Large Page Support: Disabled
 NUMA Support: Disabled
 Compressed Oops: Enabled (32-bit)
 Heap Region Size: 1M
 Heap Min Capacity: 8M
 Heap Initial Capacity: 94M
 Heap Max Capacity: 2G
 Pre-touch: Disabled
 Parallel Workers: 8
 Concurrent Workers: 2
 Concurrent Refinement Workers: 8
 Periodic GC: Disabled
Heap:
 garbage-first heap   total 219136K, used 143316K [0x0000000080000000, 0x0000000100000000)
  region size 1024K, 21 young (21504K), 4 survivors (4096K)
 Metaspace       used 102701K, committed 103424K, reserved 1138688K
  class space    used 13860K, committed 14208K, reserved 1048576K
GC Heap History (20 events):
Event: 25.780 GC heap before
{Heap before GC invocations=48 (full 0):
 garbage-first heap   total 141312K, used 113671K [0x0000000080000000, 0x0000000100000000)
  region size 1024K, 42 young (43008K), 4 survivors (4096K)
 Metaspace       used 91960K, committed 92544K, reserved 1130496K
  class space    used 12581K, committed 12864K, reserved 1048576K
}
Event: 25.786 GC heap after
{Heap after GC invocations=49 (full 0):
 garbage-first heap   total 141312K, used 77933K [0x0000000080000000, 0x0000000100000000)
  region size 1024K, 4 young (4096K), 4 survivors (4096K)
 Metaspace       used 91960K, committed 92544K, reserved 1130496K
  class space    used 12581K, committed 12864K, reserved 1048576K
}
Event: 25.829 GC heap before
{Heap before GC invocations=49 (full 0):
 garbage-first heap   total 141312K, used 79981K [0x0000000080000000, 0x0000000100000000)
  region size 1024K, 6 young (6144K), 4 survivors (4096K)
 Metaspace       used 92038K, committed 92608K, reserved 1130496K
  class space    used 12594K, committed 12864K, reserved 1048576K
}
Event: 25.833 GC heap after
{Heap after GC invocations=50 (full 0):
 garbage-first heap   total 141312K, used 77967K [0x0000000080000000, 0x0000000100000000)
  region size 1024K, 1 young (1024K), 1 survivors (1024K)
 Metaspace       used 92038K, committed 92608K, reserved 1130496K
  class space    used 12594K, committed 12864K, reserved 1048576K
}
Event: 26.289 GC heap before
{Heap before GC invocations=50 (full 0):
 garbage-first heap   total 141312K, used 114831K [0x0000000080000000, 0x0000000100000000)
  region size 1024K, 37 young (37888K), 1 survivors (1024K)
 Metaspace       used 93692K, committed 94336K, reserved 1130496K
  class space    used 12815K, committed 13120K, reserved 1048576K
}
Event: 26.295 GC heap after
{Heap after GC invocations=51 (full 0):
 garbage-first heap   total 141312K, used 81790K [0x0000000080000000, 0x0000000100000000)
  region size 1024K, 5 young (5120K), 5 survivors (5120K)
 Metaspace       used 93692K, committed 94336K, reserved 1130496K
  class space    used 12815K, committed 13120K, reserved 1048576K
}
Event: 26.566 GC heap before
{Heap before GC invocations=52 (full 0):
 garbage-first heap   total 150528K, used 115582K [0x0000000080000000, 0x0000000100000000)
  region size 1024K, 38 young (38912K), 5 survivors (5120K)
 Metaspace       used 93790K, committed 94400K, reserved 1130496K
  class space    used 12821K, committed 13120K, reserved 1048576K
}
Event: 26.572 GC heap after
{Heap after GC invocations=53 (full 0):
 garbage-first heap   total 150528K, used 86904K [0x0000000080000000, 0x0000000100000000)
  region size 1024K, 5 young (5120K), 5 survivors (5120K)
 Metaspace       used 93790K, committed 94400K, reserved 1130496K
  class space    used 12821K, committed 13120K, reserved 1048576K
}
Event: 26.842 GC heap before
{Heap before GC invocations=53 (full 0):
 garbage-first heap   total 150528K, used 88952K [0x0000000080000000, 0x0000000100000000)
  region size 1024K, 7 young (7168K), 5 survivors (5120K)
 Metaspace       used 93887K, committed 94464K, reserved 1130496K
  class space    used 12842K, committed 13120K, reserved 1048576K
}
Event: 26.847 GC heap after
{Heap after GC invocations=54 (full 0):
 garbage-first heap   total 150528K, used 87822K [0x0000000080000000, 0x0000000100000000)
  region size 1024K, 1 young (1024K), 1 survivors (1024K)
 Metaspace       used 93887K, committed 94464K, reserved 1130496K
  class space    used 12842K, committed 13120K, reserved 1048576K
}
Event: 30.140 GC heap before
{Heap before GC invocations=54 (full 0):
 garbage-first heap   total 150528K, used 122638K [0x0000000080000000, 0x0000000100000000)
  region size 1024K, 35 young (35840K), 1 survivors (1024K)
 Metaspace       used 97624K, committed 98240K, reserved 1138688K
  class space    used 13348K, committed 13632K, reserved 1048576K
}
Event: 30.145 GC heap after
{Heap after GC invocations=55 (full 0):
 garbage-first heap   total 219136K, used 89870K [0x0000000080000000, 0x0000000100000000)
  region size 1024K, 3 young (3072K), 3 survivors (3072K)
 Metaspace       used 97624K, committed 98240K, reserved 1138688K
  class space    used 13348K, committed 13632K, reserved 1048576K
}
Event: 37.027 GC heap before
{Heap before GC invocations=55 (full 0):
 garbage-first heap   total 219136K, used 173838K [0x0000000080000000, 0x0000000100000000)
  region size 1024K, 86 young (88064K), 3 survivors (3072K)
 Metaspace       used 101061K, committed 101888K, reserved 1138688K
  class space    used 13735K, committed 14144K, reserved 1048576K
}
Event: 37.063 GC heap after
{Heap after GC invocations=56 (full 0):
 garbage-first heap   total 219136K, used 96752K [0x0000000080000000, 0x0000000100000000)
  region size 1024K, 10 young (10240K), 10 survivors (10240K)
 Metaspace       used 101061K, committed 101888K, reserved 1138688K
  class space    used 13735K, committed 14144K, reserved 1048576K
}
Event: 38.295 GC heap before
{Heap before GC invocations=56 (full 0):
 garbage-first heap   total 219136K, used 114160K [0x0000000080000000, 0x0000000100000000)
  region size 1024K, 27 young (27648K), 10 survivors (10240K)
 Metaspace       used 101197K, committed 102016K, reserved 1138688K
  class space    used 13735K, committed 14144K, reserved 1048576K
}
Event: 38.384 GC heap after
{Heap after GC invocations=57 (full 0):
 garbage-first heap   total 219136K, used 105221K [0x0000000080000000, 0x0000000100000000)
  region size 1024K, 8 young (8192K), 8 survivors (8192K)
 Metaspace       used 101197K, committed 102016K, reserved 1138688K
  class space    used 13735K, committed 14144K, reserved 1048576K
}
Event: 40.771 GC heap before
{Heap before GC invocations=58 (full 0):
 garbage-first heap   total 219136K, used 169733K [0x0000000080000000, 0x0000000100000000)
  region size 1024K, 56 young (57344K), 8 survivors (8192K)
 Metaspace       used 102147K, committed 102912K, reserved 1138688K
  class space    used 13824K, committed 14208K, reserved 1048576K
}
Event: 40.789 GC heap after
{Heap after GC invocations=59 (full 0):
 garbage-first heap   total 219136K, used 122539K [0x0000000080000000, 0x0000000100000000)
  region size 1024K, 7 young (7168K), 7 survivors (7168K)
 Metaspace       used 102147K, committed 102912K, reserved 1138688K
  class space    used 13824K, committed 14208K, reserved 1048576K
}
Event: 40.954 GC heap before
{Heap before GC invocations=59 (full 0):
 garbage-first heap   total 219136K, used 124587K [0x0000000080000000, 0x0000000100000000)
  region size 1024K, 10 young (10240K), 7 survivors (7168K)
 Metaspace       used 102155K, committed 102912K, reserved 1138688K
  class space    used 13824K, committed 14208K, reserved 1048576K
}
Event: 40.964 GC heap after
{Heap after GC invocations=60 (full 0):
 garbage-first heap   total 219136K, used 124408K [0x0000000080000000, 0x0000000100000000)
  region size 1024K, 2 young (2048K), 2 survivors (2048K)
 Metaspace       used 102155K, committed 102912K, reserved 1138688K
  class space    used 13824K, committed 14208K, reserved 1048576K
}

